<html>
<head>
<title>TestNG:  Dollar Days Test</title>
<link href="../testng.css" rel="stylesheet" type="text/css" />
<link href="../my-testng.css" rel="stylesheet" type="text/css" />

<style type="text/css">
.log { display: none;} 
.stack-trace { display: none;} 
</style>
<script type="text/javascript">
<!--
function flip(e) {
  current = e.style.display;
  if (current == 'block') {
    e.style.display = 'none';
    return 0;
  }
  else {
    e.style.display = 'block';
    return 1;
  }
}

function toggleBox(szDivId, elem, msg1, msg2)
{
  var res = -1;  if (document.getElementById) {
    res = flip(document.getElementById(szDivId));
  }
  else if (document.all) {
    // this is the way old msie versions work
    res = flip(document.all[szDivId]);
  }
  if(elem) {
    if(res == 0) elem.innerHTML = msg1; else elem.innerHTML = msg2;
  }

}

function toggleAllBoxes() {
  if (document.getElementsByTagName) {
    d = document.getElementsByTagName('div');
    for (i = 0; i < d.length; i++) {
      if (d[i].className == 'log') {
        flip(d[i]);
      }
    }
  }
}

// -->
</script>

</head>
<body>
<h2 align='center'>Dollar Days Test</h2><table border='1' align="center">
<tr>
<td>Tests passed/Failed/Skipped:</td><td>7/2/0</td>
</tr><tr>
<td>Started on:</td><td>Sun Jan 10 10:30:39 EST 2021</td>
</tr>
<tr><td>Total time:</td><td>383 seconds (383398 ms)</td>
</tr><tr>
<td>Included groups:</td><td></td>
</tr><tr>
<td>Excluded groups:</td><td></td>
</tr>
</table><p/>
<small><i>(Hover the method name to see the test class name)</i></small><p/>
<table width='100%' border='1' class='invocation-failed'>
<tr><td colspan='4' align='center'><b>FAILED TESTS</b></td></tr>
<tr><td><b>Test method</b></td>
<td width="30%"><b>Exception</b></td>
<td width="10%"><b>Time (seconds)</b></td>
<td><b>Instance</b></td>
</tr>
<tr>
<td title='com.dollardays.testcases.MyFavoritesTestcase.TC_12PricePerUnitLH()'><b>TC_12PricePerUnitLH</b><br>Test class: com.dollardays.testcases.MyFavoritesTestcase<br>Parameters: {Test Result=Fail, TestCase=Sort By Price Per Unit (Low to High)  & View  - 12,24,48, Comments=, TCID=TC12, SheetName=Favorites, Runmode=No, UserName=testingteams2021@gmail.com, Sort By=Price Per Unit(Low to High), Password=dGVhbTIwMjE=}</td>
<td><div><pre>org.openqa.selenium.NoSuchElementException: Cannot locate element with text: Price Per Unit(Low to High)
For documentation on this error, please visit: http://seleniumhq.org/exceptions/no_such_element.html
Build info: version: &apos;2.53.1&apos;, revision: &apos;a36b8b1cd5757287168e54b817830adce9b0158d&apos;, time: &apos;2016-06-30 19:26:09&apos;
System info: host: &apos;DESKTOP-5BBFA1D&apos;, ip: &apos;192.168.0.15&apos;, os.name: &apos;Windows 10&apos;, os.arch: &apos;amd64&apos;, os.version: &apos;10.0&apos;, java.version: &apos;14.0.2&apos;
Driver info: driver.version: unknown
	at org.openqa.selenium.support.ui.Select.selectByVisibleText(Select.java:150)
	at com.dollardays.testcases.MyFavoritesTestcase.TC_12PricePerUnitLH(MyFavoritesTestcase.java:289)
... Removed 29 stack frames</pre></div><a href='#' onClick='toggleBox("stack-trace1099248281", this, "Click to show all stack frames", "Click to hide stack frames")'>Click to show all stack frames</a>
<div class='stack-trace' id='stack-trace1099248281'><pre>org.openqa.selenium.NoSuchElementException: Cannot locate element with text: Price Per Unit(Low to High)
For documentation on this error, please visit: http://seleniumhq.org/exceptions/no_such_element.html
Build info: version: &apos;2.53.1&apos;, revision: &apos;a36b8b1cd5757287168e54b817830adce9b0158d&apos;, time: &apos;2016-06-30 19:26:09&apos;
System info: host: &apos;DESKTOP-5BBFA1D&apos;, ip: &apos;192.168.0.15&apos;, os.name: &apos;Windows 10&apos;, os.arch: &apos;amd64&apos;, os.version: &apos;10.0&apos;, java.version: &apos;14.0.2&apos;
Driver info: driver.version: unknown
	at org.openqa.selenium.support.ui.Select.selectByVisibleText(Select.java:150)
	at com.dollardays.testcases.MyFavoritesTestcase.TC_12PricePerUnitLH(MyFavoritesTestcase.java:289)
	at java.base/jdk.internal.reflect.NativeMethodAccessorImpl.invoke0(Native Method)
	at java.base/jdk.internal.reflect.NativeMethodAccessorImpl.invoke(NativeMethodAccessorImpl.java:62)
	at java.base/jdk.internal.reflect.DelegatingMethodAccessorImpl.invoke(DelegatingMethodAccessorImpl.java:43)
	at java.base/java.lang.reflect.Method.invoke(Method.java:564)
	at org.testng.internal.MethodInvocationHelper.invokeMethod(MethodInvocationHelper.java:124)
	at org.testng.internal.Invoker.invokeMethod(Invoker.java:583)
	at org.testng.internal.Invoker.invokeTestMethod(Invoker.java:719)
	at org.testng.internal.Invoker.invokeTestMethods(Invoker.java:989)
	at org.testng.internal.TestMethodWorker.invokeTestMethods(TestMethodWorker.java:125)
	at org.testng.internal.TestMethodWorker.run(TestMethodWorker.java:109)
	at org.testng.TestRunner.privateRun(TestRunner.java:648)
	at org.testng.TestRunner.run(TestRunner.java:505)
	at org.testng.SuiteRunner.runTest(SuiteRunner.java:455)
	at org.testng.SuiteRunner.runSequentially(SuiteRunner.java:450)
	at org.testng.SuiteRunner.privateRun(SuiteRunner.java:415)
	at org.testng.SuiteRunner.run(SuiteRunner.java:364)
	at org.testng.SuiteRunnerWorker.runSuite(SuiteRunnerWorker.java:52)
	at org.testng.SuiteRunnerWorker.run(SuiteRunnerWorker.java:84)
	at org.testng.TestNG.runSuitesSequentially(TestNG.java:1208)
	at org.testng.TestNG.runSuitesSequentially(TestNG.java:1204)
	at org.testng.TestNG.runSuitesLocally(TestNG.java:1137)
	at org.testng.TestNG.runSuites(TestNG.java:1049)
	at org.testng.TestNG.run(TestNG.java:1017)
	at org.apache.maven.surefire.testng.TestNGExecutor.run(TestNGExecutor.java:281)
	at org.apache.maven.surefire.testng.TestNGXmlTestSuite.execute(TestNGXmlTestSuite.java:75)
	at org.apache.maven.surefire.testng.TestNGProvider.invoke(TestNGProvider.java:121)
	at org.apache.maven.surefire.booter.ForkedBooter.invokeProviderInSameClassLoader(ForkedBooter.java:290)
	at org.apache.maven.surefire.booter.ForkedBooter.runSuitesInProcess(ForkedBooter.java:242)
	at org.apache.maven.surefire.booter.ForkedBooter.main(ForkedBooter.java:121)
</pre></div></td>
<td>13</td>
<td>com.dollardays.testcases.MyFavoritesTestcase@68c9d179</td></tr>
<tr>
<td title='com.dollardays.testcases.MyFavoritesTestcase.TC_13PricePerUnitHL()'><b>TC_13PricePerUnitHL</b><br>Test class: com.dollardays.testcases.MyFavoritesTestcase<br>Parameters: {Test Result=Fail, TestCase=Sort By Price Per Unit(High to Low)  & View  - 12,24,48, Comments=, TCID=TC13, SheetName=Favorites, Runmode=No, UserName=testingteams2021@gmail.com, Sort By=Price Per Unit(High to Low), Password=dGVhbTIwMjE=}</td>
<td><div><pre>org.openqa.selenium.NoSuchElementException: Cannot locate element with text: Price Per Unit(High to Low)
For documentation on this error, please visit: http://seleniumhq.org/exceptions/no_such_element.html
Build info: version: &apos;2.53.1&apos;, revision: &apos;a36b8b1cd5757287168e54b817830adce9b0158d&apos;, time: &apos;2016-06-30 19:26:09&apos;
System info: host: &apos;DESKTOP-5BBFA1D&apos;, ip: &apos;192.168.0.15&apos;, os.name: &apos;Windows 10&apos;, os.arch: &apos;amd64&apos;, os.version: &apos;10.0&apos;, java.version: &apos;14.0.2&apos;
Driver info: driver.version: unknown
	at org.openqa.selenium.support.ui.Select.selectByVisibleText(Select.java:150)
	at com.dollardays.testcases.MyFavoritesTestcase.TC_13PricePerUnitHL(MyFavoritesTestcase.java:344)
... Removed 29 stack frames</pre></div><a href='#' onClick='toggleBox("stack-trace621014131", this, "Click to show all stack frames", "Click to hide stack frames")'>Click to show all stack frames</a>
<div class='stack-trace' id='stack-trace621014131'><pre>org.openqa.selenium.NoSuchElementException: Cannot locate element with text: Price Per Unit(High to Low)
For documentation on this error, please visit: http://seleniumhq.org/exceptions/no_such_element.html
Build info: version: &apos;2.53.1&apos;, revision: &apos;a36b8b1cd5757287168e54b817830adce9b0158d&apos;, time: &apos;2016-06-30 19:26:09&apos;
System info: host: &apos;DESKTOP-5BBFA1D&apos;, ip: &apos;192.168.0.15&apos;, os.name: &apos;Windows 10&apos;, os.arch: &apos;amd64&apos;, os.version: &apos;10.0&apos;, java.version: &apos;14.0.2&apos;
Driver info: driver.version: unknown
	at org.openqa.selenium.support.ui.Select.selectByVisibleText(Select.java:150)
	at com.dollardays.testcases.MyFavoritesTestcase.TC_13PricePerUnitHL(MyFavoritesTestcase.java:344)
	at java.base/jdk.internal.reflect.NativeMethodAccessorImpl.invoke0(Native Method)
	at java.base/jdk.internal.reflect.NativeMethodAccessorImpl.invoke(NativeMethodAccessorImpl.java:62)
	at java.base/jdk.internal.reflect.DelegatingMethodAccessorImpl.invoke(DelegatingMethodAccessorImpl.java:43)
	at java.base/java.lang.reflect.Method.invoke(Method.java:564)
	at org.testng.internal.MethodInvocationHelper.invokeMethod(MethodInvocationHelper.java:124)
	at org.testng.internal.Invoker.invokeMethod(Invoker.java:583)
	at org.testng.internal.Invoker.invokeTestMethod(Invoker.java:719)
	at org.testng.internal.Invoker.invokeTestMethods(Invoker.java:989)
	at org.testng.internal.TestMethodWorker.invokeTestMethods(TestMethodWorker.java:125)
	at org.testng.internal.TestMethodWorker.run(TestMethodWorker.java:109)
	at org.testng.TestRunner.privateRun(TestRunner.java:648)
	at org.testng.TestRunner.run(TestRunner.java:505)
	at org.testng.SuiteRunner.runTest(SuiteRunner.java:455)
	at org.testng.SuiteRunner.runSequentially(SuiteRunner.java:450)
	at org.testng.SuiteRunner.privateRun(SuiteRunner.java:415)
	at org.testng.SuiteRunner.run(SuiteRunner.java:364)
	at org.testng.SuiteRunnerWorker.runSuite(SuiteRunnerWorker.java:52)
	at org.testng.SuiteRunnerWorker.run(SuiteRunnerWorker.java:84)
	at org.testng.TestNG.runSuitesSequentially(TestNG.java:1208)
	at org.testng.TestNG.runSuitesSequentially(TestNG.java:1204)
	at org.testng.TestNG.runSuitesLocally(TestNG.java:1137)
	at org.testng.TestNG.runSuites(TestNG.java:1049)
	at org.testng.TestNG.run(TestNG.java:1017)
	at org.apache.maven.surefire.testng.TestNGExecutor.run(TestNGExecutor.java:281)
	at org.apache.maven.surefire.testng.TestNGXmlTestSuite.execute(TestNGXmlTestSuite.java:75)
	at org.apache.maven.surefire.testng.TestNGProvider.invoke(TestNGProvider.java:121)
	at org.apache.maven.surefire.booter.ForkedBooter.invokeProviderInSameClassLoader(ForkedBooter.java:290)
	at org.apache.maven.surefire.booter.ForkedBooter.runSuitesInProcess(ForkedBooter.java:242)
	at org.apache.maven.surefire.booter.ForkedBooter.main(ForkedBooter.java:121)
</pre></div></td>
<td>13</td>
<td>com.dollardays.testcases.MyFavoritesTestcase@68c9d179</td></tr>
</table><p>
<table width='100%' border='1' class='invocation-passed'>
<tr><td colspan='4' align='center'><b>PASSED TESTS</b></td></tr>
<tr><td><b>Test method</b></td>
<td width="30%"><b>Exception</b></td>
<td width="10%"><b>Time (seconds)</b></td>
<td><b>Instance</b></td>
</tr>
<tr>
<td title='com.dollardays.testcases.MyFavoritesTestcase.TC_08BestMatch()'><b>TC_08BestMatch</b><br>Test class: com.dollardays.testcases.MyFavoritesTestcase<br>Parameters: {Test Result=PASS, TestCase=Sort By Best Match & View  - 12,24,48, Comments=, TCID=TC8, SheetName=Favorites, Runmode=No, UserName=testingteams2021@gmail.com, Sort By=Best Match, Password=dGVhbTIwMjE=}</td>
<td></td>
<td>31</td>
<td>com.dollardays.testcases.MyFavoritesTestcase@68c9d179</td></tr>
<tr>
<td title='com.dollardays.testcases.MyFavoritesTestcase.TC_09NewestFirst()'><b>TC_09NewestFirst</b><br>Test class: com.dollardays.testcases.MyFavoritesTestcase<br>Parameters: {Test Result=PASS, TestCase=Sort By Newest First  & View  - 12,24,48, Comments=, TCID=TC9, SheetName=Favorites, Runmode=No, UserName=testingteams2021@gmail.com, Sort By=Newest First, Password=dGVhbTIwMjE=}</td>
<td></td>
<td>35</td>
<td>com.dollardays.testcases.MyFavoritesTestcase@68c9d179</td></tr>
<tr>
<td title='com.dollardays.testcases.MyFavoritesTestcase.TC_10Popularity()'><b>TC_10Popularity</b><br>Test class: com.dollardays.testcases.MyFavoritesTestcase<br>Parameters: {Test Result=PASS, TestCase=Sort By Popularity  & View - 12,24,48, Comments=, TCID=TC10, SheetName=Favorites, Runmode=No, UserName=testingteams2021@gmail.com, Sort By=Popularity, Password=dGVhbTIwMjE=}</td>
<td></td>
<td>28</td>
<td>com.dollardays.testcases.MyFavoritesTestcase@68c9d179</td></tr>
<tr>
<td title='com.dollardays.testcases.MyFavoritesTestcase.TC_11CaseQuantity()'><b>TC_11CaseQuantity</b><br>Test class: com.dollardays.testcases.MyFavoritesTestcase<br>Parameters: {Test Result=PASS, TestCase=Sort By Case Quantity  & View  - 12,24,48, Comments=, TCID=TC11, SheetName=Favorites, Runmode=No, UserName=testingteams2021@gmail.com, Sort By=Case Quantity, Password=dGVhbTIwMjE=}</td>
<td></td>
<td>28</td>
<td>com.dollardays.testcases.MyFavoritesTestcase@68c9d179</td></tr>
<tr>
<td title='com.dollardays.testcases.MyFavoritesTestcase.TC_14AlphabeticallyByName()'><b>TC_14AlphabeticallyByName</b><br>Test class: com.dollardays.testcases.MyFavoritesTestcase<br>Parameters: {Test Result=PASS, TestCase=Alphabetically By Name  & View  - 12,24,48, Comments=, TCID=TC14, SheetName=Favorites, Runmode=No, UserName=testingteams2021@gmail.com, Sort By=Alphabetically By Name, Password=dGVhbTIwMjE=}</td>
<td></td>
<td>25</td>
<td>com.dollardays.testcases.MyFavoritesTestcase@68c9d179</td></tr>
<tr>
<td title='com.dollardays.testcases.MyFavoritesTestcase.TC_15AddtoFavorites()'><b>TC_15AddtoFavorites</b><br>Test class: com.dollardays.testcases.MyFavoritesTestcase<br>Parameters: {Test Result=PASS, TestCase=Favorite Symbol , Comments=Assuming the first product retrieved from search is non favorite, TCID=TC15, SheetName=Favorites, Runmode=No, UserName=testingteams2021@gmail.com, Sort By=Favorite Symbol, Password=dGVhbTIwMjE=}</td>
<td></td>
<td>49</td>
<td>com.dollardays.testcases.MyFavoritesTestcase@68c9d179</td></tr>
<tr>
<td title='com.dollardays.testcases.MyFavoritesTestcase.TC_16ValidateProdFavPage()'><b>TC_16ValidateProdFavPage</b><br>Test class: com.dollardays.testcases.MyFavoritesTestcase<br>Parameters: {Test Result=PASS, TestCase=Validate Product in Favorite Page, Comments=, TCID=TC16, SheetName=Favorites, Runmode=No, UserName=testingteams2021@gmail.com, Sort By=Product in Favorite Page, Password=dGVhbTIwMjE=}</td>
<td></td>
<td>44</td>
<td>com.dollardays.testcases.MyFavoritesTestcase@68c9d179</td></tr>
</table><p>
</body>
</html>