<?xml version="1.0" encoding="UTF-8"?>
<testng-results ignored="0" total="9" passed="7" failed="2" skipped="0">
  <reporter-output>
  </reporter-output>
  <suite started-at="2021-01-10T16:01:06Z" name="Suite" finished-at="2021-01-10T16:07:09Z" duration-ms="363135">
    <groups>
    </groups>
    <test started-at="2021-01-10T16:01:06Z" name="Dollar Days Test" finished-at="2021-01-10T16:07:09Z" duration-ms="363135">
      <class name="com.dollardays.testcases.MyFavoritesTestcase">
        <test-method is-config="true" signature="beforeClass()[pri:0, instance:com.dollardays.testcases.MyFavoritesTestcase@52f27fbd]" started-at="2021-01-10T16:01:06Z" name="beforeClass" finished-at="2021-01-10T16:01:06Z" duration-ms="13" status="PASS">
          <reporter-output>
          </reporter-output>
        </test-method> <!-- beforeClass -->
        <test-method is-config="true" signature="setUpBrowser()[pri:0, instance:com.dollardays.testcases.MyFavoritesTestcase@52f27fbd]" started-at="2021-01-10T16:01:07Z" name="setUpBrowser" finished-at="2021-01-10T16:01:17Z" duration-ms="10024" status="PASS">
          <reporter-output>
          </reporter-output>
        </test-method> <!-- setUpBrowser -->
        <test-method signature="TC_08BestMatch(java.util.Hashtable)[pri:0, instance:com.dollardays.testcases.MyFavoritesTestcase@52f27fbd]" started-at="2021-01-10T16:01:17Z" name="TC_08BestMatch" data-provider="dd-dataprovider" finished-at="2021-01-10T16:01:47Z" duration-ms="29743" status="PASS">
          <params>
            <param index="0">
              <value>
                <![CDATA[{Test Result=PASS, TestCase=Sort By Best Match & View  - 12,24,48, Comments=, TCID=TC8, SheetName=Favorites, Runmode=No, UserName=testingteams2021@gmail.com, Sort By=Best Match, Password=dGVhbTIwMjE=}]]>
              </value>
            </param>
          </params>
          <reporter-output>
          </reporter-output>
        </test-method> <!-- TC_08BestMatch -->
        <test-method is-config="true" signature="quit()[pri:0, instance:com.dollardays.testcases.MyFavoritesTestcase@52f27fbd]" started-at="2021-01-10T16:01:47Z" name="quit" finished-at="2021-01-10T16:01:48Z" duration-ms="896" status="PASS">
          <reporter-output>
          </reporter-output>
        </test-method> <!-- quit -->
        <test-method is-config="true" signature="setUpBrowser()[pri:0, instance:com.dollardays.testcases.MyFavoritesTestcase@52f27fbd]" started-at="2021-01-10T16:01:48Z" name="setUpBrowser" finished-at="2021-01-10T16:01:57Z" duration-ms="9362" status="PASS">
          <reporter-output>
          </reporter-output>
        </test-method> <!-- setUpBrowser -->
        <test-method signature="TC_09NewestFirst(java.util.Hashtable)[pri:0, instance:com.dollardays.testcases.MyFavoritesTestcase@52f27fbd]" started-at="2021-01-10T16:01:57Z" name="TC_09NewestFirst" data-provider="dd-dataprovider" finished-at="2021-01-10T16:02:30Z" duration-ms="32495" status="PASS">
          <params>
            <param index="0">
              <value>
                <![CDATA[{Test Result=PASS, TestCase=Sort By Newest First  & View  - 12,24,48, Comments=, TCID=TC9, SheetName=Favorites, Runmode=No, UserName=testingteams2021@gmail.com, Sort By=Newest First, Password=dGVhbTIwMjE=}]]>
              </value>
            </param>
          </params>
          <reporter-output>
          </reporter-output>
        </test-method> <!-- TC_09NewestFirst -->
        <test-method is-config="true" signature="quit()[pri:0, instance:com.dollardays.testcases.MyFavoritesTestcase@52f27fbd]" started-at="2021-01-10T16:02:30Z" name="quit" finished-at="2021-01-10T16:02:30Z" duration-ms="817" status="PASS">
          <reporter-output>
          </reporter-output>
        </test-method> <!-- quit -->
        <test-method is-config="true" signature="setUpBrowser()[pri:0, instance:com.dollardays.testcases.MyFavoritesTestcase@52f27fbd]" started-at="2021-01-10T16:02:30Z" name="setUpBrowser" finished-at="2021-01-10T16:02:40Z" duration-ms="9411" status="PASS">
          <reporter-output>
          </reporter-output>
        </test-method> <!-- setUpBrowser -->
        <test-method signature="TC_10Popularity(java.util.Hashtable)[pri:0, instance:com.dollardays.testcases.MyFavoritesTestcase@52f27fbd]" started-at="2021-01-10T16:02:40Z" name="TC_10Popularity" data-provider="dd-dataprovider" finished-at="2021-01-10T16:03:08Z" duration-ms="27994" status="PASS">
          <params>
            <param index="0">
              <value>
                <![CDATA[{Test Result=PASS, TestCase=Sort By Popularity  & View - 12,24,48, Comments=, TCID=TC10, SheetName=Favorites, Runmode=No, UserName=testingteams2021@gmail.com, Sort By=Popularity, Password=dGVhbTIwMjE=}]]>
              </value>
            </param>
          </params>
          <reporter-output>
          </reporter-output>
        </test-method> <!-- TC_10Popularity -->
        <test-method is-config="true" signature="quit()[pri:0, instance:com.dollardays.testcases.MyFavoritesTestcase@52f27fbd]" started-at="2021-01-10T16:03:08Z" name="quit" finished-at="2021-01-10T16:03:09Z" duration-ms="824" status="PASS">
          <reporter-output>
          </reporter-output>
        </test-method> <!-- quit -->
        <test-method is-config="true" signature="setUpBrowser()[pri:0, instance:com.dollardays.testcases.MyFavoritesTestcase@52f27fbd]" started-at="2021-01-10T16:03:09Z" name="setUpBrowser" finished-at="2021-01-10T16:03:18Z" duration-ms="9248" status="PASS">
          <reporter-output>
          </reporter-output>
        </test-method> <!-- setUpBrowser -->
        <test-method signature="TC_11CaseQuantity(java.util.Hashtable)[pri:0, instance:com.dollardays.testcases.MyFavoritesTestcase@52f27fbd]" started-at="2021-01-10T16:03:18Z" name="TC_11CaseQuantity" data-provider="dd-dataprovider" finished-at="2021-01-10T16:03:46Z" duration-ms="27899" status="PASS">
          <params>
            <param index="0">
              <value>
                <![CDATA[{Test Result=PASS, TestCase=Sort By Case Quantity  & View  - 12,24,48, Comments=, TCID=TC11, SheetName=Favorites, Runmode=No, UserName=testingteams2021@gmail.com, Sort By=Case Quantity, Password=dGVhbTIwMjE=}]]>
              </value>
            </param>
          </params>
          <reporter-output>
          </reporter-output>
        </test-method> <!-- TC_11CaseQuantity -->
        <test-method is-config="true" signature="quit()[pri:0, instance:com.dollardays.testcases.MyFavoritesTestcase@52f27fbd]" started-at="2021-01-10T16:03:46Z" name="quit" finished-at="2021-01-10T16:03:47Z" duration-ms="835" status="PASS">
          <reporter-output>
          </reporter-output>
        </test-method> <!-- quit -->
        <test-method is-config="true" signature="setUpBrowser()[pri:0, instance:com.dollardays.testcases.MyFavoritesTestcase@52f27fbd]" started-at="2021-01-10T16:03:47Z" name="setUpBrowser" finished-at="2021-01-10T16:03:59Z" duration-ms="12216" status="PASS">
          <reporter-output>
          </reporter-output>
        </test-method> <!-- setUpBrowser -->
        <test-method signature="TC_12PricePerUnitLH(java.util.Hashtable)[pri:0, instance:com.dollardays.testcases.MyFavoritesTestcase@52f27fbd]" started-at="2021-01-10T16:03:59Z" name="TC_12PricePerUnitLH" data-provider="dd-dataprovider" finished-at="2021-01-10T16:04:13Z" duration-ms="13743" status="FAIL">
          <params>
            <param index="0">
              <value>
                <![CDATA[{Test Result=Fail, TestCase=Sort By Price Per Unit (Low to High)  & View  - 12,24,48, Comments=, TCID=TC12, SheetName=Favorites, Runmode=No, UserName=testingteams2021@gmail.com, Sort By=Price Per Unit(Low to High), Password=dGVhbTIwMjE=}]]>
              </value>
            </param>
          </params>
          <exception class="org.openqa.selenium.NoSuchElementException">
            <message>
              <![CDATA[Cannot locate element with text: Price Per Unit(Low to High)
For documentation on this error, please visit: http://seleniumhq.org/exceptions/no_such_element.html
Build info: version: '2.53.1', revision: 'a36b8b1cd5757287168e54b817830adce9b0158d', time: '2016-06-30 19:26:09'
System info: host: 'DESKTOP-5BBFA1D', ip: '192.168.0.15', os.name: 'Windows 10', os.arch: 'amd64', os.version: '10.0', java.version: '14.0.2'
Driver info: driver.version: unknown]]>
            </message>
            <full-stacktrace>
              <![CDATA[org.openqa.selenium.NoSuchElementException: Cannot locate element with text: Price Per Unit(Low to High)
For documentation on this error, please visit: http://seleniumhq.org/exceptions/no_such_element.html
Build info: version: '2.53.1', revision: 'a36b8b1cd5757287168e54b817830adce9b0158d', time: '2016-06-30 19:26:09'
System info: host: 'DESKTOP-5BBFA1D', ip: '192.168.0.15', os.name: 'Windows 10', os.arch: 'amd64', os.version: '10.0', java.version: '14.0.2'
Driver info: driver.version: unknown
at org.openqa.selenium.support.ui.Select.selectByVisibleText(Select.java:150)
at com.dollardays.testcases.MyFavoritesTestcase.TC_12PricePerUnitLH(MyFavoritesTestcase.java:289)
at java.base/jdk.internal.reflect.NativeMethodAccessorImpl.invoke0(Native Method)
at java.base/jdk.internal.reflect.NativeMethodAccessorImpl.invoke(NativeMethodAccessorImpl.java:62)
at java.base/jdk.internal.reflect.DelegatingMethodAccessorImpl.invoke(DelegatingMethodAccessorImpl.java:43)
at java.base/java.lang.reflect.Method.invoke(Method.java:564)
at org.testng.internal.MethodInvocationHelper.invokeMethod(MethodInvocationHelper.java:124)
at org.testng.internal.Invoker.invokeMethod(Invoker.java:583)
at org.testng.internal.Invoker.invokeTestMethod(Invoker.java:719)
at org.testng.internal.Invoker.invokeTestMethods(Invoker.java:989)
at org.testng.internal.TestMethodWorker.invokeTestMethods(TestMethodWorker.java:125)
at org.testng.internal.TestMethodWorker.run(TestMethodWorker.java:109)
at org.testng.TestRunner.privateRun(TestRunner.java:648)
at org.testng.TestRunner.run(TestRunner.java:505)
at org.testng.SuiteRunner.runTest(SuiteRunner.java:455)
at org.testng.SuiteRunner.runSequentially(SuiteRunner.java:450)
at org.testng.SuiteRunner.privateRun(SuiteRunner.java:415)
at org.testng.SuiteRunner.run(SuiteRunner.java:364)
at org.testng.SuiteRunnerWorker.runSuite(SuiteRunnerWorker.java:52)
at org.testng.SuiteRunnerWorker.run(SuiteRunnerWorker.java:84)
at org.testng.TestNG.runSuitesSequentially(TestNG.java:1208)
at org.testng.TestNG.runSuitesLocally(TestNG.java:1137)
at org.testng.TestNG.runSuites(TestNG.java:1049)
at org.testng.TestNG.run(TestNG.java:1017)
at org.apache.maven.surefire.testng.TestNGExecutor.run(TestNGExecutor.java:281)
at org.apache.maven.surefire.testng.TestNGXmlTestSuite.execute(TestNGXmlTestSuite.java:75)
at org.apache.maven.surefire.testng.TestNGProvider.invoke(TestNGProvider.java:121)
at org.apache.maven.surefire.booter.ForkedBooter.invokeProviderInSameClassLoader(ForkedBooter.java:290)
at org.apache.maven.surefire.booter.ForkedBooter.runSuitesInProcess(ForkedBooter.java:242)
at org.apache.maven.surefire.booter.ForkedBooter.main(ForkedBooter.java:121)
]]>
            </full-stacktrace>
          </exception> <!-- org.openqa.selenium.NoSuchElementException -->
          <reporter-output>
          </reporter-output>
        </test-method> <!-- TC_12PricePerUnitLH -->
        <test-method is-config="true" signature="quit()[pri:0, instance:com.dollardays.testcases.MyFavoritesTestcase@52f27fbd]" started-at="2021-01-10T16:04:13Z" name="quit" finished-at="2021-01-10T16:04:13Z" duration-ms="832" status="PASS">
          <reporter-output>
          </reporter-output>
        </test-method> <!-- quit -->
        <test-method is-config="true" signature="setUpBrowser()[pri:0, instance:com.dollardays.testcases.MyFavoritesTestcase@52f27fbd]" started-at="2021-01-10T16:04:13Z" name="setUpBrowser" finished-at="2021-01-10T16:04:23Z" duration-ms="9316" status="PASS">
          <reporter-output>
          </reporter-output>
        </test-method> <!-- setUpBrowser -->
        <test-method signature="TC_13PricePerUnitHL(java.util.Hashtable)[pri:0, instance:com.dollardays.testcases.MyFavoritesTestcase@52f27fbd]" started-at="2021-01-10T16:04:23Z" name="TC_13PricePerUnitHL" data-provider="dd-dataprovider" finished-at="2021-01-10T16:04:37Z" duration-ms="13757" status="FAIL">
          <params>
            <param index="0">
              <value>
                <![CDATA[{Test Result=Fail, TestCase=Sort By Price Per Unit(High to Low)  & View  - 12,24,48, Comments=, TCID=TC13, SheetName=Favorites, Runmode=No, UserName=testingteams2021@gmail.com, Sort By=Price Per Unit(High to Low), Password=dGVhbTIwMjE=}]]>
              </value>
            </param>
          </params>
          <exception class="org.openqa.selenium.NoSuchElementException">
            <message>
              <![CDATA[Cannot locate element with text: Price Per Unit(High to Low)
For documentation on this error, please visit: http://seleniumhq.org/exceptions/no_such_element.html
Build info: version: '2.53.1', revision: 'a36b8b1cd5757287168e54b817830adce9b0158d', time: '2016-06-30 19:26:09'
System info: host: 'DESKTOP-5BBFA1D', ip: '192.168.0.15', os.name: 'Windows 10', os.arch: 'amd64', os.version: '10.0', java.version: '14.0.2'
Driver info: driver.version: unknown]]>
            </message>
            <full-stacktrace>
              <![CDATA[org.openqa.selenium.NoSuchElementException: Cannot locate element with text: Price Per Unit(High to Low)
For documentation on this error, please visit: http://seleniumhq.org/exceptions/no_such_element.html
Build info: version: '2.53.1', revision: 'a36b8b1cd5757287168e54b817830adce9b0158d', time: '2016-06-30 19:26:09'
System info: host: 'DESKTOP-5BBFA1D', ip: '192.168.0.15', os.name: 'Windows 10', os.arch: 'amd64', os.version: '10.0', java.version: '14.0.2'
Driver info: driver.version: unknown
at org.openqa.selenium.support.ui.Select.selectByVisibleText(Select.java:150)
at com.dollardays.testcases.MyFavoritesTestcase.TC_13PricePerUnitHL(MyFavoritesTestcase.java:344)
at java.base/jdk.internal.reflect.NativeMethodAccessorImpl.invoke0(Native Method)
at java.base/jdk.internal.reflect.NativeMethodAccessorImpl.invoke(NativeMethodAccessorImpl.java:62)
at java.base/jdk.internal.reflect.DelegatingMethodAccessorImpl.invoke(DelegatingMethodAccessorImpl.java:43)
at java.base/java.lang.reflect.Method.invoke(Method.java:564)
at org.testng.internal.MethodInvocationHelper.invokeMethod(MethodInvocationHelper.java:124)
at org.testng.internal.Invoker.invokeMethod(Invoker.java:583)
at org.testng.internal.Invoker.invokeTestMethod(Invoker.java:719)
at org.testng.internal.Invoker.invokeTestMethods(Invoker.java:989)
at org.testng.internal.TestMethodWorker.invokeTestMethods(TestMethodWorker.java:125)
at org.testng.internal.TestMethodWorker.run(TestMethodWorker.java:109)
at org.testng.TestRunner.privateRun(TestRunner.java:648)
at org.testng.TestRunner.run(TestRunner.java:505)
at org.testng.SuiteRunner.runTest(SuiteRunner.java:455)
at org.testng.SuiteRunner.runSequentially(SuiteRunner.java:450)
at org.testng.SuiteRunner.privateRun(SuiteRunner.java:415)
at org.testng.SuiteRunner.run(SuiteRunner.java:364)
at org.testng.SuiteRunnerWorker.runSuite(SuiteRunnerWorker.java:52)
at org.testng.SuiteRunnerWorker.run(SuiteRunnerWorker.java:84)
at org.testng.TestNG.runSuitesSequentially(TestNG.java:1208)
at org.testng.TestNG.runSuitesLocally(TestNG.java:1137)
at org.testng.TestNG.runSuites(TestNG.java:1049)
at org.testng.TestNG.run(TestNG.java:1017)
at org.apache.maven.surefire.testng.TestNGExecutor.run(TestNGExecutor.java:281)
at org.apache.maven.surefire.testng.TestNGXmlTestSuite.execute(TestNGXmlTestSuite.java:75)
at org.apache.maven.surefire.testng.TestNGProvider.invoke(TestNGProvider.java:121)
at org.apache.maven.surefire.booter.ForkedBooter.invokeProviderInSameClassLoader(ForkedBooter.java:290)
at org.apache.maven.surefire.booter.ForkedBooter.runSuitesInProcess(ForkedBooter.java:242)
at org.apache.maven.surefire.booter.ForkedBooter.main(ForkedBooter.java:121)
]]>
            </full-stacktrace>
          </exception> <!-- org.openqa.selenium.NoSuchElementException -->
          <reporter-output>
          </reporter-output>
        </test-method> <!-- TC_13PricePerUnitHL -->
        <test-method is-config="true" signature="quit()[pri:0, instance:com.dollardays.testcases.MyFavoritesTestcase@52f27fbd]" started-at="2021-01-10T16:04:37Z" name="quit" finished-at="2021-01-10T16:04:37Z" duration-ms="832" status="PASS">
          <reporter-output>
          </reporter-output>
        </test-method> <!-- quit -->
        <test-method is-config="true" signature="setUpBrowser()[pri:0, instance:com.dollardays.testcases.MyFavoritesTestcase@52f27fbd]" started-at="2021-01-10T16:04:37Z" name="setUpBrowser" finished-at="2021-01-10T16:04:47Z" duration-ms="9850" status="PASS">
          <reporter-output>
          </reporter-output>
        </test-method> <!-- setUpBrowser -->
        <test-method signature="TC_14AlphabeticallyByName(java.util.Hashtable)[pri:0, instance:com.dollardays.testcases.MyFavoritesTestcase@52f27fbd]" started-at="2021-01-10T16:04:47Z" name="TC_14AlphabeticallyByName" data-provider="dd-dataprovider" finished-at="2021-01-10T16:05:25Z" duration-ms="37791" status="PASS">
          <params>
            <param index="0">
              <value>
                <![CDATA[{Test Result=PASS, TestCase=Alphabetically By Name  & View  - 12,24,48, Comments=, TCID=TC14, SheetName=Favorites, Runmode=No, UserName=testingteams2021@gmail.com, Sort By=Alphabetically By Name, Password=dGVhbTIwMjE=}]]>
              </value>
            </param>
          </params>
          <reporter-output>
          </reporter-output>
        </test-method> <!-- TC_14AlphabeticallyByName -->
        <test-method is-config="true" signature="quit()[pri:0, instance:com.dollardays.testcases.MyFavoritesTestcase@52f27fbd]" started-at="2021-01-10T16:05:25Z" name="quit" finished-at="2021-01-10T16:05:26Z" duration-ms="809" status="PASS">
          <reporter-output>
          </reporter-output>
        </test-method> <!-- quit -->
        <test-method is-config="true" signature="setUpBrowser()[pri:0, instance:com.dollardays.testcases.MyFavoritesTestcase@52f27fbd]" started-at="2021-01-10T16:05:26Z" name="setUpBrowser" finished-at="2021-01-10T16:05:35Z" duration-ms="9591" status="PASS">
          <reporter-output>
          </reporter-output>
        </test-method> <!-- setUpBrowser -->
        <test-method signature="TC_15AddtoFavorites(java.util.Hashtable)[pri:0, instance:com.dollardays.testcases.MyFavoritesTestcase@52f27fbd]" started-at="2021-01-10T16:05:35Z" name="TC_15AddtoFavorites" data-provider="dd-dataprovider" finished-at="2021-01-10T16:06:25Z" duration-ms="49770" status="PASS">
          <params>
            <param index="0">
              <value>
                <![CDATA[{Test Result=PASS, TestCase=Favorite Symbol , Comments=Assuming the first product retrieved from search is non favorite, TCID=TC15, SheetName=Favorites, Runmode=No, UserName=testingteams2021@gmail.com, Sort By=Favorite Symbol, Password=dGVhbTIwMjE=}]]>
              </value>
            </param>
          </params>
          <reporter-output>
          </reporter-output>
        </test-method> <!-- TC_15AddtoFavorites -->
        <test-method is-config="true" signature="quit()[pri:0, instance:com.dollardays.testcases.MyFavoritesTestcase@52f27fbd]" started-at="2021-01-10T16:06:25Z" name="quit" finished-at="2021-01-10T16:06:26Z" duration-ms="847" status="PASS">
          <reporter-output>
          </reporter-output>
        </test-method> <!-- quit -->
        <test-method is-config="true" signature="setUpBrowser()[pri:0, instance:com.dollardays.testcases.MyFavoritesTestcase@52f27fbd]" started-at="2021-01-10T16:06:26Z" name="setUpBrowser" finished-at="2021-01-10T16:06:35Z" duration-ms="9307" status="PASS">
          <reporter-output>
          </reporter-output>
        </test-method> <!-- setUpBrowser -->
        <test-method signature="TC_16ValidateProdFavPage(java.util.Hashtable)[pri:0, instance:com.dollardays.testcases.MyFavoritesTestcase@52f27fbd]" started-at="2021-01-10T16:06:35Z" name="TC_16ValidateProdFavPage" data-provider="dd-dataprovider" finished-at="2021-01-10T16:07:07Z" duration-ms="31386" status="PASS">
          <params>
            <param index="0">
              <value>
                <![CDATA[{Test Result=PASS, TestCase=Validate Product in Favorite Page, Comments=, TCID=TC16, SheetName=Favorites, Runmode=No, UserName=testingteams2021@gmail.com, Sort By=Product in Favorite Page, Password=dGVhbTIwMjE=}]]>
              </value>
            </param>
          </params>
          <reporter-output>
          </reporter-output>
        </test-method> <!-- TC_16ValidateProdFavPage -->
        <test-method is-config="true" signature="quit()[pri:0, instance:com.dollardays.testcases.MyFavoritesTestcase@52f27fbd]" started-at="2021-01-10T16:07:07Z" name="quit" finished-at="2021-01-10T16:07:09Z" duration-ms="2363" status="PASS">
          <reporter-output>
          </reporter-output>
        </test-method> <!-- quit -->
        <test-method is-config="true" signature="afterClass()[pri:0, instance:com.dollardays.testcases.MyFavoritesTestcase@52f27fbd]" started-at="2021-01-10T16:07:09Z" name="afterClass" finished-at="2021-01-10T16:07:09Z" duration-ms="0" status="PASS">
          <reporter-output>
          </reporter-output>
        </test-method> <!-- afterClass -->
      </class> <!-- com.dollardays.testcases.MyFavoritesTestcase -->
    </test> <!-- Dollar Days Test -->
  </suite> <!-- Suite -->
</testng-results>
